35679	Comfama
30722	Unika
20183	Cinépolis Global
18135	Homecenter Colombia
17749	Cencosud
15358	Alsea México
15024	AWS - Convenio
14517	Hospitales Angeles
14015	Colombina
12850	PASAJE
12286	Free trial Sales Max
11490	Laboratorios PiSa
10078	Positiva Seguros
10001	Free trial Sales LS
8590	Totalplay
7871	Falabella Retail Colombia(Suspended)
6716	GCO
6418	Cencosud Chile
6240	Banco Unión S.A.
5806	Banco Mundo Mujer
5717	Clínica General del Norte
5653	Wom Colombia
5406	Merco
5307	Ingeomega
5202	Nueva EPS
5118	SID Logística
5005	Free trial Sales AM
5003	Free trial Sales RJ
4996	Free trial Sales JU
4537	AFP SIEMBRA
4452	UBITS para ellas
4371	De Pratí
4101	Comfandi
3809	Leonisa
3670	Fashion's Park
3639	Porvenir
3449	Fraiche
3201	Kimberly Clark de México
3140	Crecer IFD
3138	REDPACK
2908	Linio (Suspended)
2826	Distraves
2803	UNILEVER ANDINA COLOMBIA
2756	Watt's Chile
2672	INVILP
2671	Qbco
2628	Terpel
2575	HDI Seguros (México)
2562	Bancolombia PYME
2548	Sportsworld
2541	Apostar
2510	Avidanti
2498	Bienestar IPS
2436	Grupo Humano
2435	Mundo Pacífico
2401	Solla
2326	KIO
2274	Previsalud
2237	Chilexpress Externos
2206	Fuller Pinto
2157	Celsia
2136	Comercial Ubits
2035	A&P
2009	Comfama Standard
1964	Aje Colombia
1951	Banco de América Central
1944	Brinks Chile
1889	Disfarma
1881	Stop
1866	Ariztía
1831	Grupo Ducol
1805	EGOBA
1802	Oncólogos Del Occidente
1795	Promujer Bolivia
1788	Gloria Alimentos Peru
1778	Becle, S.A.B de C.V.
1762	AFN
1716	Sura Colombia
1713	Vitapro
1690	INCHCAPE COLOMBIA
1672	Banco Para El Fomento A Iniciativas Económicas (FIE)
1659	iShop
1656	Imbocar
1644	Hogar de Cristo
1638	Veris
1630	QA Plan Premium + Plug
1607	MEGA SANTAMARIA
1597	Scharff Perú (Suspended) 
1591	Fiduprevisora S.A
1576	Tuya
1559	Super de Alimentos
1537	Hmv ingenieros colombia
1536	BANCO UNION
1532	Grupo Porres
1524	Los Héroes
1481	Almacenes Flamingo
1455	Braskem Idesa
1448	Abacentro
1426	Innpulsa Colombia
1422	Prosalon
1389	Grupo Idesa
1360	GRAIMAN Ecuador
1349	ADELCA
1320	UNIVERSIDAD TECNOLÓGICA DEL PERÚ
1281	DMX
1280	Bancoomeva
1263	Empacor S.A. Colombia
1256	Grupo Farrera
1245	Melt Pizzas
1237	Multiplica
1231	Papeles Nacionales SA
1227	Mercado Libre - Chile
1221	STOP JEANS - YOYO JEANS (DemoX1Mes) (Suspended)
1214	HR Academy
1187	Clip
1174	Farmacias Especializadas
1170	Redeban
1164	Laika
1163	Pichincha Colombia
1163	CIC Saber Vivir
1154	Diunsa
1145	ENTIDAD PROMOTORA DE SALUD SERVICIO OCCIDENTAL DE SALUD S A
1143	ITS InfoCom Colombia
1142	San Fernando (Suspended) 
1106	CobisTopaz
1104	Cencosud Argentina
1104	Twin Dolphin
1100	Attenza
1088	Solca Quito
1081	Wild Fork
1079	NAD Global
1074	Gabrica
1066	Isapre Nueva MasVida
1063	CredibanCo
1059	Be Call Group
1024	Efecty
1018	Hermosillo
1014	Chilexpress
1012	Banco de Bogotá
1011	Gasco
1003	Grupo Trayecto
1000	Becas Ubits
999	Growth
985	ExcelCredit
983	La Polar S.A
974	SUVI
968	Logismart pais Colombia
966	Detektor (Max)
950	GI GROUP
945	Pinturas Berel
928	Footloose Perú
923	Adecco Perú (Suspended)
919	Riopaila
919	Credicorp Bank Panama
918	Transregio
918	Bangara
908	Fridays Perú
906	OPERADORA LATINOAMERICANA DE SERVICIOS OPL S.A. (ECUADOR)
905	Grupo Danec
903	Importadoras Asociadas
899	Tanner
884	Cusezar
884	Buses Hualpén
873	Pepe Ganga
858	Transmilenio S.A. (Suspended)
845	BDF Banco de Finanzas
831	MYM
818	Metropolitan Touring
816	Hoteles Camino Real
806	Distribuidora Corripio
792	SKANDIA COLOMBIA
778	Innophos
769	PROMOCION MEDICA
766	SPG
763	Italmod S.A.
761	AI 27
749	Tottus Peru (Suspended)
748	Clínica de las Américas Bolivia
746	Bella Piel
746	UPAX
743	Banco Aliado
743	Annar Health Technologies(Suspended)
743	Contecon
740	HOLDCO SPA
739	HELPHARMA
738	Zicsa
736	Agunsa
735	Grupo Superior
734	ENAP
734	CLINICA CHIA
724	iFood Domiciliarios(Suspended)
717	Coomeva Sector Financiero
710	BANCO AZUL
709	Engen Capital
692	Grupo BTW
690	TIP
688	Fincomercio
683	ventura group
681	Santillana (Demo)
681	Grupo Sierra Gorda
680	Minera San Cristobal
678	Seguros Mundial (Suspended)
675	Banesco
672	Colpatria Constructora
660	ASIAUTO
657	Ventura Entertainment
653	Banco Ganadero
647	AVIOR ISSSTE
645	Coopeservidores
644	Grupo Open
641	Triple A
640	Up Sí Vale
636	Auto Mercado
630	Parque Arauco Chile
629	UBITS BENEFICIO FAMILIA
627	Promujer Mexico
627	Typack
624	Impresistem S.A.S
624	Botero Soto soluciones logísticas
614	Daabon
611	Westfalia Fruit
610	Litoplas S.A.
606	Coopcentral
604	Omni Hospital
602	GYN Brands
601	Grupo Motta
600	Lancasco
594	Fanalca S.A.
592	Inchcape MACAM
587	Integro
584	IE GRUPO
584	Seguros Confuturo
581	EVE DISTRIBUCIONES S.A.S.
580	Juan Valdez
580	Grupo Davissa (Suspended)
577	Promujer Nicaragua
575	TERMINAL LOGISTICS
572	En-trega México
571	Laboratorios Lam
570	Belleza Express
570	Mexamerik
562	Precotex
560	Alsea Colombia
556	Just Burger
555	SPORTLIFE
554	Flexiplast S.A
553	Socoda
549	Vida Produce Company
548	GALGO
542	Aceros Chilca
542	Águila Ammunition
541	AK Drilling
540	Fundación De La Mujer
538	EFIGAS
537	Coomultrasan
533	Acquaroni
531	Esri Colombia
530	Sudamericana de Fibras S.A
529	EUROCORP
527	WIN SPORTS
520	Sucroal
520	Murguía Consultores
519	Banco Caja Social
519	Oceano Seafood
517	Grupo GRISI
515	Henco
515	Primo
515	Grupo TM Transportes
510	Bardahl
507	Nexa BPO
506	Montana
506	El Colombiano
505	Brinsa
505	Grupo ABSA
505	Dialogus Consultores
503	TERPEL PANAMÁ
502	STP
502	On Vacation Hoteles
496	Sofka
495	Linamar (Montiac)
494	Santo Domingo Motors(Suspended)
492	Clínica Aviva
491	Procolombia
489	Greenpaper
487	Chevyplan Ecuador
485	Banco Hondureño del Café - BANHCAFE
483	Supermercados Xtra
482	Comfenalco Valle CONTRATACIÓN y COMPRAS BIENES SERVICIOS
482	SUPERDEPORTE EC
481	AK Drilling Perú
477	Incauca
468	Compas
467	Sime
464	Jabonería Wilson
460	Grupo Transoceánica
458	Deprodeca
454	CONTPAQi
454	GESTIONA
453	Grupo Calidra
451	Universidad Catolica de Colombia
450	Usuarios Grupo Humano
443	SECOBAL
441	Flux Solar
440	Procaps (Suspended)
438	Mi Vivienda(Suspended)
438	Caja Yanga
437	Ferreprecios
432	Berlitz
431	Ingenio Providencia
430	La Z Boy
426	Bradescard
426	Epta
425	YPFB Transporte
425	Grupo Empresarial Angeles
424	Masser
422	Gpo Santory
422	OPTECOM
421	Parking.com
420	Naturaceites
420	PEDREGAL Agro exportadora
419	Supermercados Bravo
416	DUANA
411	Primadera
411	Atlantic FS
407	Super Pagos
406	BAN100
404	UNACEM Chile
403	KSB CHILE
403	Compañia Minera Autlan SAB
402	Eurofarma Chile
401	Head Chile
400	Verzatec
400	Aviatur
400	Amicar Chile
400	Mabe Colombia
399	Hayduk
398	La Boliviana Ciacruz Seguros
396	Empresas Dabed
392	SKANDIA MÉXICO
389	Maritano y Ebensperger
389	Envases
389	Globalty
388	EMPRESAS ADOC
388	Rapicredit
387	Comfama - Grupo Argos Colombia
386	Centric Ecuador
384	HR Executive Program Harvard
382	Publicaciones Semana
382	TRIUMPH
381	KMOTOR
378	Ocensa
376	Coltefinanciera
375	TBC
371	AICSA
369	Opperar
362	Cecoban
360	Industrias TUK
359	Cartavio
359	PROMESA
354	BAHIA MOTORS PANAMA
353	FCV(Demox1mes)
351	BDO Perú
348	Grupo Mutual Costa Rica
345	PCP (Suspended)
344	Supermercados Euro
343	Aportes en linea
342	OECHSLER
342	Dersa
342	Petrobras Bolivia
342	Optima Servicios Financieros ELS
340	Centria (Suspended)
339	Arteche North America
338	Laboratorios Maver
337	Sack Acero
335	Maxa
335	Banco Ficensa
333	Eurocapital
333	Amphenol-Optimize
332	Asficredito
328	VPC Colombia
326	Yanbal Colombia(Suspended)
324	Melonn (Supended)
323	Caja San Rafael
323	TAKAMI
321	Bufete Mexicano de Aduanas
320	Industrias Ales
320	Alfa Co SAC
318	Alberto Álvarez
318	Asociación de Exportadores ADEX
315	Studio F (DemoX1Mes) (Suspended)
315	EMPAQPLAST
315	Carbomax de Colombia
311	MEXLOG
311	Distribuidora del Caribe
310	Bolsa Mercantil de Colombia
309	HL Ingenieros (Suspended)
309	EMPRESA COLOMBIANA DE PRODUCTOS VETERINARIOS S A VECOL SA
306	Cooperativa Pacífico(Suspended)
306	Grupo Molicom
305	Vical
305	Fármacos Darovi
304	TRAXPORTA
304	Tennis
304	Farmacia Universal
303	Qroma
302	Quimtia Perú
302	Synlab - Colombia
302	Papa Johns
300	Colegio Andino
300	BODYTECH COLOMBIA(Alianza)
300	Televisora Nacional
298	Terpel Familiares
296	Sies
296	Laboratorios Grin
295	GOYURT
295	Banco AV Villas
294	Mansarovar
294	VSI Industrial
294	Tecnología Especializada Asociada de México, S.A. de C.V
293	Gloria Peru
293	Corporativo Overall
292	Corporativo TRAXION
292	ASNET
288	Axesat
287	Aris-Mining Segovia
286	Carval
285	AUTOCOM S.A.
282	Hirschvogel
282	Grupo Get
281	AMECO SA
281	Cooptenjo
280	iFood Colombia
280	Agrícola Don Ricardo
278	COSAMI
276	Davivienda El Salvador
275	BISONTE
275	Pago Simple
274	Ticsa
274	Calderón Autopartes
272	Faes Farma
270	Seguros Pepín
269	Incolab Services Colombia
268	Aeris Holding
267	Redarbor
266	Las Lomas
266	AFP Siembra Colaboradores
264	Fluitek
263	Alpina
262	CENTRO COLOMBO AMERICANO
262	KUKA
261	EDEQ
261	Grupo Factoring de Occidente
261	Grupo Concordia (Suspended)
261	Farmacias Klyns
260	Farmex
260	Dym-Bo
256	La Fazenda
254	Nobis
253	SACI
253	Agrocentro guatemala
253	Motor Crédito
250	Grupo Universal
248	Slang
247	Expreso Viajes y Turismo(Suspended)
247	Gane Superservicios (Suspended)
246	Expertos
245	Macal
245	Transer
244	Depósito Central de Valores, Chile
243	Universidad de Ciencias Médicas
243	Meditek
243	Veterquímica
242	Eurofarma Argentina
241	Helados Bon
240	MOWI (Suspended)
240	Cursos Propios
240	Pint-Pharma
240	REGISTRO DE LA PROPIEDAD DE GUAYAQUIL
239	Magna CIMS
238	Les Laboratoires Servier
238	Rocnarf
238	Natgas
235	Construcciones Planificadas
235	Arco México
235	CORIS DEL ECUADOR
234	Cetemin
234	Oxiteno
234	Fresenius Kabi
233	Pegaucho
233	Bandex
233	IKA Empresas
232	Postobón S.A (Suspended)
232	Jazzplat
231	Grupo Gloria
231	Maped
231	LEYDE
230	DTS
229	Industronic
229	Corporativo Luin
229	GK Global
229	Laboratorios Liomont
228	Quiborax
228	Atsa Minerales
227	CIMENTO
226	Conecta
226	Enmedio
225	AEROTRANSPORTES MAS DE CARGA "MAS AIR"
225	Santillana
224	Agroindustrial
222	ST. EVEN
222	PSW(Demox1mes) (Suspended)
221	RECSA CA
220	Autogermana
218	Atracciones Coney Island
217	Certicamara
217	Constructora Galilea
217	Prendamas
217	Tega Industries
216	CIAMSA
216	Puntored
215	Colgram
214	Datapar
214	Meicol (Suspended)
214	Almacenes Vidri
214	Under Pizza
213	Promujer Argentina
212	COFIDE
212	Seidor Chile
211	SUPERDEPORTE PE
210	ManpowerGroup México
208	Extrucol
207	Unión Andina
207	Cominvi
207	Constructora Bolívar
205	YEAPDATA S.A.S
204	Maxi
204	ADELCA CLIENTES
202	Colorquímica (Suspended)
202	Education Journey Brasil
201	Zona Franca Barranquilla(Suspended)
201	JVLAT
201	Grupo DECASA
200	AGUAKAN - Aguakán, S.A. De C.V.
200	AGROPARTNERS
199	ROCA DESARROLLOS
198	Tienda Pago
198	Laboratorios ViTA SA
197	Active Bodytech
197	Aldeamo
197	Santamarina (Suspended)
197	AUTOMOTIVE MEXICO BODY SYSTEMS
196	Credifamila
194	Witzenmann Group
193	Terpel Peru
193	MAPP|OEA
193	Meico SAS
193	Clínica Stella Maris(Demox1mes)
192	Pei Asset Management
192	Ofiplan
191	AB Mauri
191	Connect Assistance
191	DICKA LOGISTICS
190	Asociación Duarte de Ahorros y Préstamos REPUBLICA DOMINICAN
190	RC Más Químicos, S.A. De C.V.
189	Bolsa de Valores de Colombia (UBitsX1Mes)
189	First Majestic
189	Grupo Corpol
188	Grupo OPSA
188	Comfenalco Quindio(Demox1mes)
187	Grupo CCN Nicaragua
187	Super Q
185	Comercial Papelera
184	Cia Chilena De Fosforos S A
184	Innova Schools
182	Vanguard
182	Organización SUMA Sas(Demox1mes)
181	Natura
181	Medstent
181	Grupo Roma
181	Unipago
181	Clinica Javier Prado
181	Laboratorios Stein
179	Taxan
179	MLTi Logistics
179	PGIC
179	Santa Clara | Grupo Regency
178	Makken
177	Innovia films
176	Fondo Empleados EPM
175	Parker Drilling CO
175	Bupa - Vitamédica
175	Colegio de médicos y cirujanos de costa
172	Refractarios Alfran
171	Delizia(Demox1mes)
170	H&M
169	Grupo Oba
168	Proalmex
166	Grupo Amaya Astron
166	Quicksa (Suspended)
165	Bavarian Motors
163	México Falabella
163	INTEGRAL MARKETING INTEMARK S.A.S.
162	FIOTTI
162	Fiducoomeva
162	Grupo Kabat
162	Lamitech S.A.S
161	Aura Minerals
161	Farmacias Knop
161	Farmacias San Nicolás (FASANI)
160	Cooperativa Abaco
159	Hogares Unión (Suspended)
159	Hoffens
159	Grupo Intersalud SRL
158	Intaco Costa Rica & Nicaragua
157	Federación Mexicana de Fútbol
157	Afal
156	Sayer Lack (Suspended)
155	Yamaha
154	Fabrimetal
154	Bomi Group
153	Yamaha Motor Perú
153	Euro Boutiques
153	Skg tecnología
153	Comercializadora AMW
152	P.A PERU S.A.C
152	Enviopack - México
151	Universal Scientific Industrial de Mexico (Suspended)
151	FCI LOGISTICS
151	G. BARCO S.A.
150	Intaco Ecuador
150	Inmobiliaria Imagina Perú (Suspended)
150	Dominicana Compañía de Seguros
150	Alpha Hardin
148	TERPEL REPUBLICA DOMINICANA
148	Rentek
148	Gloria Centro
148	SOLCA Quito (sin SSO)
147	B-SECURE
147	Equinorte(Demox1mes)
147	SERVICIOS CORPORATIVOS GRIVER SA DE CV
146	Medical Corporation Group
146	Proteak
145	Arush
145	Bancolombia Panama
145	Seven Company S.A.S
145	Loyalty Marketing Services
145	Coral Hospitality Corp
144	Portal
144	Saúl E. Méndez
143	Newport Capital Perú
142	Colegio Anglo
142	Equinox PE
142	Corporativo Gpo Santory
141	UCIN MÉDICA
140	SiatiGroup
140	EDICA Constructora
139	Fogafin
139	Pads
138	PURATOS
138	Terranum
138	HG Transportaciones(Demox1mes)
137	Soaint
137	Mobiik Mexico
137	Mediplex
137	Staffing Abroad
136	Ngr Perú NG Restaurants
135	United
135	Fosko
135	Cooprofesores
133	DP WORLD PERÚ(Suspended)
133	Grupo Agrolibano
132	Metrex
132	Virtual Emily
132	Bayer Latam
131	ARRENDAMIENTO PRODUCTIVO SA DE CV
131	Servier Pharmaceuticals Colombia
131	PlanNet
130	Red Concesionarios KIA
130	Detecno S.A. de C.V.
130	SMEC Holdings Limited
129	Vinoteca
129	Colegio Jefferson
129	Teletica Canal 7 - Televisora de Costa Rica S.A.
128	Proxxon
128	TRACTOCAR
128	Intramar
128	Konecranes Chile
128	Equinox LA
127	TERPEL ECUADOR
126	Kls logistics
126	Itacamba Cemento S.A.
126	Nemisa
125	la araucana
124	Terpel Comercial Peru
124	FIH Mexico
124	BELT
123	Minera Santa-Luisa
122	Alsea España
122	Medistik
121	Fosforera Peruana
121	Alpayana
121	Curimapu
120	Fortaleza S.A
119	Protego
119	Nexsys De Peru
119	Diram
117	ONNET Fibra Colombiana
116	Avgust
116	HOLDING Epysa (Buses, Retail, Implementos)
115	Zuma Energía
115	Megamedia
115	Consorcio Energético Punta Cana
115	Apple Cosmetics
114	VAN HEUSEN DE CENTROAMERICA
113	Fincaraiz(Suspended)
113	Punto Ticket
112	Lospaisas
111	Oceanica de Seguros
111	DOLLAR GENERAL
111	Centro Móvil
109	Termoyopal
109	Electrodunas (Suspended)
109	Fibran
109	Grupo Reprico(Demox1mes)
109	Inteligo
107	Puertas Globales
107	Epysa (Equipos, Service y Mundo Buses)
106	ACSENDO- ALIANZA
106	Infotree
106	Biocodex
106	Bidfood Chile
106	Immunotec
106	COPEG
106	Nuevo Mundo Oleico
106	TGS Sarrio & Asociados
106	CUATRO D
105	Camiones Selectos
105	﻿Applus Mexico
105	SHIMIN INGENIERIA
105	Siigo
104	Interfil
103	Corporativo Copamex
102	Colmena Seguros
102	FDF Latin America
102	Intercommerce (yiga5)
102	Promujer Global
101	Onilog
101	IM2 Energía Solar
101	Comercializadora Marvel, SA de CV
101	Zimmer Biomet Chile
101	Banco de Loja S.A.
101	Grupo Pando
100	Terpel Aviación
100	Claro Concurso Innovación (Alianza)
100	Universidad Cebra
100	Excel Automotriz C.A(Demox1mes)(suspended)
100	Banco del Pacífico(Demox1mes)
100	Electrojaponesa
100	Grupo FOREM
99	Despacho González Solís (Ubits por 1 mes)
99	Granmark
99	Laminados Extruidos Plasticos
99	Sicte (Suspended)
99	Granjazul
98	cerocatorce
97	CHG - Meridian
97	NASEDA
96	Kunstmann
96	Peoples Voice
95	CINDE
94	Edessa
94	GRUPO BOCEL
94	Medeport
93	Seguridad Automatización y Control
93	Ingredientes y Productos Funcionales
93	Frigorífico Guadalupe
92	FOSFORERA COLOMBIA
92	Grupo Humano MAX
92	Andre Productos Desechables
92	Volta
91	Seguros Confianza
91	Sertres del norte
91	Operador del Sistema (ODS) Honduras
90	Tyche Global
90	Slc
90	Laboratorios Bagó de Bolivia
89	Fitesa
89	Grupo Modelo S.A. de C.V.
88	Corporación MCC
88	West Engineering
88	Conec-Ta
88	Empresas morel
87	Grupo La Florida Mexico
87	Opal(Demox1mes)
86	OSROCA
86	David Del Curto
85	Art Hotels Ecuador
85	Industrias Belen
84	AgroForestal Uruguay (Agroforestal)
84	MVS Capital (Alianza)
84	Laminaire
84	Cooperativa Acreimex
84	SKAVA EQUIPOS Y SUMINISTROS SPA
84	FerradaNehme
83	Sedisa
83	Ondu
82	Hacienda La Cabaña (Suspended)
82	Tecoloco
82	AMBIENTTI CONSTRUCTORA INMOBILIARIA S A
82	BlackTrust
82	Punto Casa de Bolsa
81	Tisur
81	PEGSA
81	Laboratorios Smasac
81	Ethon.cl
81	GMS - SEGURIDAD DE LA INFORMACION
81	La Papelera S.A.
80	Ilsa & Grafandina
80	Titán Plaza (Suspended)
80	Transportes Larraga
80	AMERIS
80	Grupo Santa Elena(Demox1mes)
80	Demos MAX Partners
80	Grupo Alerta
79	AMCHAM
79	Inspection & Reworking Mexico
78	INCO
78	Ubits Lovers - Beneficio
78	Nuevo Mundo Oleico Operativo
77	Procibernetica (Suspended)
77	Domino's Farrera
77	Localiza
75	Grupo Serrano
75	Parrot Software(Demox1mes)
74	Corporación Mundial de La Mujer Colombia
74	Super Pagos Interno
74	Global Wine & Spirits(Suspended)
74	Barmex
74	AMV Ingenieria
74	Excellence Freights México
73	FOSFORERA CENTROAMÉRICA
73	Orvisa (Suspended)
73	GRUPO SEZA(Suspended)
72	Tres Astronautas (Suspended)
72	Tecnitanques Ingenieros
72	West Telco
72	Trayecto Ventures
72	RAND(Demox1Mes)
72	NAD Global- Corporación Aduanera Noriega
71	Grupo Hermes
71	ACHS(Suspended)
71	LA INNOVACION
70	Microlink SAS
70	TXAT
70	Clinicalhouse
69	AEKIA
69	Cultura Colectiva
69	Saavi Energía
68	Febor entidad Cooperativa (Suspended)
68	Madepa (Suspended)
68	AgroGrain
68	INACAP(Demox1mes)
68	Polyrec S.A.S.
67	Herogra
67	Galvaprime
67	Grupo Vardi
67	1DOC3
66	Konecranes
66	Celsa
66	BAM Banco Agromercantil de Guatemala | Grupo Bancolombia
65	Dominus
65	SINTOQUIM
64	Serviefectivo SAS
64	Enza Zaden
64	NovaCredit
64	Garantisa
64	HEMCO MINEROS NICARAGUA
63	TPAGA
63	Jedimar
63	AB/SKHOLL
63	Panificadora
62	Migdal Arquitectos
62	Knipping Automotive
62	Universidad del Istmo Guatemala(Demox1mes)
60	Metrocolor
60	Berlitz Mexico (Suspended)
60	Konfort
60	Option S.A Colombia
60	Agrinal
59	Pinturas Industriales
59	Iberoplast
59	Enel Colombia
59	Dominó
59	Compañía Minera del Pacífico
58	Fundación Grupo Social
58	MEXICANA DE CAMIONES
58	Equinox EC
58	Química del Sur y Compañía Limitada
57	Colegio Los Nogales
57	Larrain Prieto
57	Inpsercom
56	Kaizen Motors Panamá
56	AUTOEASTERN
56	RESUELVE TU DEUDA(Demox1mes)
56	Hospital Metropolitano de Santiago HOMS
55	Bufete Internacional de Occidente
55	Bulkmatic de Colombia(Suspended)
55	Instrumentación S.A.
55	Maped Argentina
55	Smartfit(Demox1mes)
54	Soluciones Industriales
54	Isarco
54	Doite
53	Tum Logística
53	V Modal
52	Fondo de fondos
52	Gedeon Richter(Suspended)
52	SierraCol Energy
52	Mr. Jones Limpieza y Mantenimiento
51	Cementos Bio Bio
51	Joya de Nicaragua S.A.(Demox1mes)
51	Nutrisnacks
50	FOSFORERA ARGENTINA
50	UBITS Partners
50	ChocoImperio de los Andes - LMS
50	AMPM CENTROAMERICA(Demox1mes)
50	Grupo AMPM
50	ASSA Compañía de Seguros Centroamérica
49	Industria Eléctrica Newline
49	Procalculo Prosis
49	Sermed
49	Oxiteno LATAM
48	CENTRAL AZUCARERO DE ALANJE, S.A.
48	Consorcio Empresarial Century (Suspended)
48	INSITEL S.A.
48	SIMCo
48	FRINDT SA
47	Stulz
47	Allied Global (Suspended)
47	Auna
47	Tigre S/A. Bolivia
47	Agroindustrias San Jacinto
47	Ecuaprimas
46	Laboratorios Sophia
46	DIMASUR
45	URBVAN
45	Baomarc Automotive (Suspended)
45	PQP(Suspended)
44	Davivienda Costa RIca
44	Promotora de Inversiones y Cobranzas
44	ACTIVOS CAPITAL S.A.S.
44	GONTOR Logistics
44	Lambda Diagnosticos, S.A
43	Quimtia Colombia
43	Cencozotti Venezuela
43	Fundación Carlos Hank
43	AK Drilling Panamá
42	RBL - FEMSA
42	E-dea Networks (Suspended)
42	Promujer Guatemala
42	Certinet Identidad Digital
42	Quaker State(Demox1mes)
42	Internal
41	Enertotal
41	XTETIC
41	Rappi
41	Azucarera El Viejo
40	KIA(Demox1mes)
40	Dydtransportes
40	Puntos Colombia
40	Friccion
39	Magna Sabinas
39	ZHM Seguros S.A. (Suspended)
39	Alianza Follow UP S.A.S (Suspended)
39	MORGAN PHILIPS MEXICO, S.A. DE C.V.
38	Sipi Asset Recovery(Suspended)
38	Healthic
38	Solfinanzas
38	DIRECTA LICITACIONES LIMITADA
38	Revista VIRTUALPRO(Demox1mes)
38	VIAM Manufacturing
38	TAKRAF
38	Devir Mexico
37	Hahn-Kolb
37	Transervicios
37	Tecnoandina
36	Enlace Inmobiliario
36	PROPAGAS
36	Devir Chile
36	Terpel Agentes
36	Cinépolis Global SSO
36	INVESTMENT TRADING CIFSA
35	Duquesa S.A (Demox1mes)(Suspended)
35	Renteco
35	Ferretería Zavala
35	Factor Legal (Suspended)
35	Vansa
35	Productos de seguridad en reorganizacion
35	GONZALEZ TORRES Y CIA SC
35	Fincamex
34	Agromotores
34	Grupo tres cuartos (suspended)
34	Laboratorios Garden House
34	EPL Corporation
34	Data Evolution
34	INOAC USA(Demox1mes)
34	SEA DIGITAL
33	Michael Page
33	Elastomeros de Queretaro
33	PTESA
33	Laboratorios Sophia Centro America
33	UNICON PERÚ(Demox1mes)
33	Pomar (Sabanalac)
32	QA Plan Ubits Max
32	Invetsa Bolivia
32	Universidad Corporativa Implosa
32	Maritime Procurement Services (MPS)
32	Operadora Portuaria Centroamericana (OPC)
32	Metrocom C.R.
31	IDM Corp
31	Altrad RMD Kwikform
31	SALUDSA
30	UBITS PARA TODOS
30	KNAUF
30	Sermed Familiares
30	Petsfashionpty
30	Devir Américas
30	Decameron All Inclusive Hotels & Resorts/Colombia
30	Edivers
30	CartoMicro
30	Santillana Chile
29	Italika
29	Fitpal (Alianza)
29	Lito Etiquetas
29	Great Packaging
29	VDH
29	TRANCASA(Demox1mes)
29	3Pillar Global Mexico
29	HUMMALAB SAS
28	PHARMARIS COLOMBIA S.A.S.
28	Nuevos Medios
28	Urbana Perú
28	Frontier
28	Embalajes Troya Spa
28	Grupoiis
28	Comercial Institucional
28	Ascend Laboratories Chile
28	Casa del Ruliman(Demox1mes)
28	PCH San Bartolomé SAS ESP
28	Grupo Macro CA
28	Lactolac, S.A. de C.V
28	EMPRESA FG
27	Indufrial
27	El Palacio del adorno
27	QuickLink
27	BAC GT
27	Oftalmológicos San Angel
26	Daltile(Suspended)
26	Grupo HPB
26	IDOM Chile
26	Unifrutti Chile
26	Hackers del Talento - Academia Hackers del Talento
26	Manrique Seguridad
25	Central Trenec
25	DIAN
25	Inmobiliaria Miraflores Perú
25	Intaco Panamá
25	Path Logistic + Copacker
25	Grupo ABX
24	Tukuy
24	Medios Filtrantes Industriales, S.A. de C.V. (Suspended)
24	AXS_PRUEBAPDN
24	Flesan
23	United Picture International
23	Bitubi Consulting Group
23	Premier Warranty Services Puerto Rico
22	Arara SPA(Suspended)
22	Guanajuato Silver(Suspended)
22	Fosforera Ecuador
22	Constructora CASBRO Infraestructura Corporativa
22	CTS DE ISTMO PANAMA
22	Nutrivesa(Demox1mes)
22	GBH
21	Grupo Cencozotti(Suspended)
21	Gesto Pago (Suspended)
21	Webedia
21	Península Papagayo
20	Continental Services
20	La Fabril
20	CECA S.A.
20	Rent a Pallet
19	Rawmco
19	SEDICOSA
19	Siconta
19	Grupo Banmédica (Isapre Banmédica, Clínica Dávila)
19	Mercator Bolivia
18	Premium Restaurant Brands(Demox1mes)
18	TINET S.A
17	Tillit Asesoria
17	Mitsui Automotriz(Demox1mes)
17	Hackers del Talento - Talento humano para todos
16	Crediviva S.A (Suspended)
16	Traffic Logix
16	Exoset Inc
16	Proxima7
16	Payflow
16	Bankaya
16	COINSA
15	Conec-Ta Familia
15	Sigma Test
15	Steren México
14	INECOMEX S A S
14	Vega
13	Axioma
13	KRYOTEC
13	GSM Seguridad (Suspended)
13	Makolecuador
13	Nagase & Co
13	Factortek
13	Summit Agro
13	Honda Motos - Comercial
13	Azzorti Latam
13	REFERENCIA LABORATORIO CLINICO
12	Max Welding
12	Zansui Electronics LTDA
11	Amazon
11	DEMO CS  HOMECENTER
11	Promujer Ilumina
11	Precisa partes y muebles SAS
11	Equinox BO
11	Prueba-CS-Mariana
10	KUMON México (Suspended)
10	certificaciones
10	Sandler
10	Plastitrim
10	Licencias Ferny Ruiz
10	Rapidtram
10	COOPEALFARORUIZ R.L.
9	Grupo Salinas - Bienestar (Ubits Gratis por 1 mes)
9	Hackmetrix A
9	Wond Care Panamá
9	Alianza: Marketing UBITS
9	Devir Colombia
8	QA Plan Demo
8	Hackmetrix B
8	Tecnoideas SAS
8	Davivienda Honduras
8	Somosradar
8	Conec-ta Colombia
7	GRAFANDINA
7	UBITS2 - (petición ubits RRHH)
7	PR Ubits
7	Laboratorios Silanes
7	ABInBev
7	AVIOR IMSS
7	Xforce TECH
7	CORPORACION QUIPORT S A
7	Grupo Financiero Multiva
6	Interactivo
6	QA Plan Standard+Plug
6	Pacific Hydro
6	AVATAR TECH
6	Banco Hipotecario El Salvador(Demox1mes)
6	IDH Microfinanciera(Demox1mes)
6	Corporación Lady Lee
6	Grupo Imagen Multimedia
5	QA Vigencia Vencida
5	Oderway
5	Make-A-Wish Colombia
5	Granos y Cereales
5	Bancoldex
5	Ultranav
5	Julio Martinez Repuestos S.A.
5	Inter Rapidísimo
4	OSTHEOFIX S.A.S 
4	Runa
4	P&G Especialistas Contables (Suspended)
4	Microlink MAX
4	Davivienda Panama
4	Red Enlace
4	Minera Frisco
4	AUTOEXCEL SA DE CV
4	DIDEA S.A DE C.V
4	Equipos Comerciales
4	Farmatodo Colombia
4	Casinos Marina del Sol (MDS)
4	Yves Rocher Mexico
4	Grupo Xcaret
4	Logismart pais Bolivia
4	FEMOSA | Ferretería Montecristo
4	Banco Popular Dominicano
4	GICSA
3	Gensi
3	Pedro Evangelista
3	Grupo Zentria
3	Grupo Audace
3	Beta San Miguel
3	Continental Gold Limited Sucursal Colombia
3	Industria de Alimentos Trendy S.A
3	Honda Motos - Postventa
3	COPEC CHILE
3	TANE
2	Cesa
2	Wikipedia
2	QA Plan Alianza
2	Setup Legalmind
2	Sportlife MAX
2	Empresa Dos
2	Enlace Inmobiliario Standard (Suspended)
2	Grupo Motta Prueba
2	Tierra Burritos
2	Cursos Propios education
2	EMPRESA_AVATAR
2	samsung
2	Escuela Brokers
2	Fuente Chilena
2	EQUIPETROL S.A.
2	Pan American Silver Bolivia
2	Puppis
2	Premium Restaurants of America CA
2	Grupo Cadaqués
2	Deutsche Pharma Dpsac
2	SIMAN EL SALVADOR
2	SOBOCE
2	Friofood Chile
2	Solfrut
2	Logismart pais Dominicana
2	Credivalores-Credifinanciera
2	Promexa
2	EMPRESAS PERROT
2	AEROVICS
2	MINEROS ALUVIAL SAS
2	MINEROS SA
2	Petromil SAS
2	MGI Grupo Inmobiliario
2	Silbertec
1	CONSTRUCTORA E INMOBILIARIA CONSTRUPROYECTOS
1	Pieles Temola 
1	Singer Company
1	Corporación Elite
1	Peluqueria Rizos 
1	Fosforera Corporativo
1	QAVision
1	Fundación Lentes Purpura
1	GI Logística
1	GI Petroquímica
1	GI Distribución
1	CO2CERO
1	empresa migra
1	test_vigencias_swat_1
1	TRAXION SOLUTIONS
1	Grupo Flesan - LMS
1	Supermercado mas por menos(Demox1mes)(Suspended)
1	Prueba-CEO-Julian
1	Prueba-COS-Esteban
1	Prueba-CTO-Fernando
1	Prueba-CFO-JuanC
1	Prueba-MKT-JuanD
1	Prueba-SALES-Leonardo
1	Prueba-CPO-Marta
1	Prueba-HR-Natalia
1	Prueba-MKT-Nicolas
1	Prueba-OPS-Ruben
1	Prueba-EDC-Tatiana
1	Centro de Superficies y Diseño S.A. de C.V.
1	Prueba
1	Wavin Ecuador
1	Plata Card
1	Corporación Peruana de Restaurantes S.A Papa John's
1	ALERT DEL PERU
1	EP de Restaurantes - Don Belisario-
1	SERVICIOS COMPARTIDOS DE RESTAURANTES S.A.C.. -Laborum Perú-
1	Nutra SAC - Dunkin Perú -
1	EP DE FRANQUICIAS SAC -POPEYES LOUISIANA -
1	Bembos
1	Agecoldex S.A.
1	La Vinoteca
1	Enviopack - Argentina
1	Banco Bci
1	Clínica INDISA
1	Corp Nacional del Cobre de Chile
1	Banistmo
1	Sociedad Happyland Perú S.A.
1	ingenio carmelita
1	MOTOREX S.A.
1	IBR Peru
1	Cli­nica dental Cumbre